#! /usr/bin/vvp
:ivl_version "0.9.2 " "(v0_9_2)";
:vpi_time_precision + 0;
:vpi_module "system";
:vpi_module "v2005_math";
:vpi_module "va_math";
S_0x8c72ad8 .scope module, "DFF" "DFF" 2 1;
 .timescale 0 0;
L_0x8ca2a78 .functor BUFZ 1, v0x8c72528_0, C4<0>, C4<0>, C4<0>;
L_0x8ca2b00 .functor NOT 1, v0x8c72528_0, C4<0>, C4<0>, C4<0>;
v0x8c72528_0 .var "Q", 0 0;
v0x8ca1648_0 .net "_D", 0 0, C4<z>; 0 drivers
v0x8ca16a8_0 .net "_Q", 0 0, L_0x8ca2a78; 1 drivers
v0x8ca1708_0 .net "_QNOT", 0 0, L_0x8ca2b00; 1 drivers
v0x8ca1770_0 .net "_S", 0 0, C4<z>; 0 drivers
v0x8ca17d0_0 .net "_clock", 0 0, C4<z>; 0 drivers
v0x8ca1850_0 .net "_reset", 0 0, C4<z>; 0 drivers
E_0x8c72940 .event posedge, v0x8ca17d0_0;
E_0x8c87d10 .event edge, v0x8ca1850_0, v0x8ca1770_0;
S_0x8c70340 .scope module, "DL" "DL" 3 1;
 .timescale 0 0;
L_0x8ca2b90 .functor BUFZ 1, v0x8ca18f0_0, C4<0>, C4<0>, C4<0>;
L_0x8ca2be8 .functor NOT 1, v0x8ca18f0_0, C4<0>, C4<0>, C4<0>;
v0x8ca18f0_0 .var "Q", 0 0;
v0x8ca1960_0 .net "_D", 0 0, C4<z>; 0 drivers
v0x8ca19c0_0 .net "_E", 0 0, C4<z>; 0 drivers
v0x8ca1a20_0 .net "_Q", 0 0, L_0x8ca2b90; 1 drivers
v0x8ca1a70_0 .net "_QNOT", 0 0, L_0x8ca2be8; 1 drivers
v0x8ca1ad0_0 .net "_reset", 0 0, C4<z>; 0 drivers
E_0x8ca18b0 .event edge, v0x8ca1ad0_0, v0x8ca19c0_0, v0x8ca1960_0;
S_0x8c5f2d8 .scope module, "JKFF" "JKFF" 4 1;
 .timescale 0 0;
L_0x8ca2c78 .functor BUFZ 1, v0x8ca1b90_0, C4<0>, C4<0>, C4<0>;
L_0x8ca2cd0 .functor NOT 1, v0x8ca1b90_0, C4<0>, C4<0>, C4<0>;
v0x8ca1b90_0 .var "Q_reg", 0 0;
v0x8ca1c00_0 .net "_E", 0 0, C4<z>; 0 drivers
v0x8ca1c60_0 .net "_J", 0 0, C4<z>; 0 drivers
v0x8ca1cc0_0 .net "_K", 0 0, C4<z>; 0 drivers
v0x8ca1d10_0 .net "_Q", 0 0, L_0x8ca2c78; 1 drivers
v0x8ca1d70_0 .net "_QNOT", 0 0, L_0x8ca2cd0; 1 drivers
v0x8ca1df0_0 .net "_clock", 0 0, C4<z>; 0 drivers
v0x8ca1e50_0 .net "_reset", 0 0, C4<z>; 0 drivers
E_0x8ca1b50 .event posedge, v0x8ca1df0_0;
S_0x8c72360 .scope module, "JKL" "JKL" 5 1;
 .timescale 0 0;
L_0x8ca2d60 .functor BUFZ 1, v0x8ca1ee8_0, C4<0>, C4<0>, C4<0>;
L_0x8ca2db8 .functor NOT 1, v0x8ca1ee8_0, C4<0>, C4<0>, C4<0>;
v0x8ca1ee8_0 .var "Q_reg", 0 0;
v0x8ca1f58_0 .net "_E", 0 0, C4<z>; 0 drivers
v0x8ca1fb8_0 .net "_J", 0 0, C4<z>; 0 drivers
v0x8ca2018_0 .net "_K", 0 0, C4<z>; 0 drivers
v0x8ca2080_0 .net "_Q", 0 0, L_0x8ca2d60; 1 drivers
v0x8ca20e0_0 .net "_QNOT", 0 0, L_0x8ca2db8; 1 drivers
v0x8ca2160_0 .net "_reset", 0 0, C4<z>; 0 drivers
E_0x8ca1dc0/0 .event edge, v0x8ca2160_0, v0x8ca1f58_0, v0x8ca1fb8_0, v0x8ca2018_0;
E_0x8ca1dc0/1 .event edge, v0x8ca1ee8_0;
E_0x8ca1dc0 .event/or E_0x8ca1dc0/0, E_0x8ca1dc0/1;
S_0x8c71de8 .scope module, "SRL" "SRL" 6 1;
 .timescale 0 0;
L_0x8ca2e48 .functor BUFZ 1, v0x8ca2200_0, C4<0>, C4<0>, C4<0>;
L_0x8ca2ea0 .functor NOT 1, v0x8ca2200_0, C4<0>, C4<0>, C4<0>;
v0x8ca2200_0 .var "Q", 0 0;
v0x8ca2270_0 .net "_E", 0 0, C4<z>; 0 drivers
v0x8ca22d0_0 .net "_Q", 0 0, L_0x8ca2e48; 1 drivers
v0x8ca2330_0 .net "_QNOT", 0 0, L_0x8ca2ea0; 1 drivers
v0x8ca2380_0 .net "_S", 0 0, C4<z>; 0 drivers
v0x8ca23e0_0 .net "_reset", 0 0, C4<z>; 0 drivers
E_0x8ca21c0 .event edge, v0x8ca2270_0, v0x8ca23e0_0, v0x8ca2380_0;
S_0x8c71cd8 .scope module, "TFF" "TFF" 7 1;
 .timescale 0 0;
L_0x8ca2f30 .functor BUFZ 1, v0x8ca24a0_0, C4<0>, C4<0>, C4<0>;
L_0x8ca2f88 .functor NOT 1, v0x8ca24a0_0, C4<0>, C4<0>, C4<0>;
v0x8ca24a0_0 .var "Q", 0 0;
v0x8ca2510_0 .net "_E", 0 0, C4<z>; 0 drivers
v0x8ca2570_0 .net "_Q", 0 0, L_0x8ca2f30; 1 drivers
v0x8ca25d0_0 .net "_QNOT", 0 0, L_0x8ca2f88; 1 drivers
v0x8ca2620_0 .net "_T", 0 0, C4<z>; 0 drivers
v0x8ca2680_0 .net "_clock", 0 0, C4<z>; 0 drivers
v0x8ca2700_0 .net "_reset", 0 0, C4<z>; 0 drivers
E_0x8ca2460 .event posedge, v0x8ca2680_0;
S_0x8c716c0 .scope module, "TL" "TL" 8 1;
 .timescale 0 0;
L_0x8ca3018 .functor BUFZ 1, v0x8ca2790_0, C4<0>, C4<0>, C4<0>;
L_0x8ca3070 .functor NOT 1, v0x8ca2790_0, C4<0>, C4<0>, C4<0>;
v0x8ca2790_0 .var "Q", 0 0;
v0x8ca2800_0 .net "_E", 0 0, C4<z>; 0 drivers
v0x8ca2860_0 .net "_Q", 0 0, L_0x8ca3018; 1 drivers
v0x8ca28c0_0 .net "_QNOT", 0 0, L_0x8ca3070; 1 drivers
v0x8ca2928_0 .net "_T", 0 0, C4<z>; 0 drivers
v0x8ca2988_0 .net "_reset", 0 0, C4<z>; 0 drivers
E_0x8ca2760 .event edge, v0x8ca2988_0, v0x8ca2800_0, v0x8ca2928_0, v0x8ca2790_0;
S_0x8c715b0 .scope module, "a" "a" 9 1;
 .timescale 0 0;
v0x8ca2a08_0 .net "b", 10 0, C4<00000000001>; 1 drivers
    .scope S_0x8c72ad8;
T_0 ;
    %wait E_0x8c87d10;
    %load/v 8, v0x8ca1850_0, 1;
    %jmp/0xz  T_0.0, 8;
    %set/v v0x8c72528_0, 0, 1;
    %jmp T_0.1;
T_0.0 ;
    %load/v 8, v0x8ca1770_0, 1;
    %jmp/0xz  T_0.2, 8;
    %set/v v0x8c72528_0, 1, 1;
T_0.2 ;
T_0.1 ;
    %jmp T_0;
    .thread T_0, $push;
    .scope S_0x8c72ad8;
T_1 ;
    %wait E_0x8c72940;
    %load/v 8, v0x8ca1850_0, 1;
    %inv 8, 1;
    %load/v 9, v0x8ca1770_0, 1;
    %inv 9, 1;
    %and 8, 9, 1;
    %jmp/0xz  T_1.0, 8;
    %load/v 8, v0x8ca1648_0, 1;
    %set/v v0x8c72528_0, 8, 1;
T_1.0 ;
    %jmp T_1;
    .thread T_1;
    .scope S_0x8c70340;
T_2 ;
    %wait E_0x8ca18b0;
    %load/v 8, v0x8ca1ad0_0, 1;
    %jmp/0xz  T_2.0, 8;
    %set/v v0x8ca18f0_0, 0, 1;
    %jmp T_2.1;
T_2.0 ;
    %load/v 8, v0x8ca19c0_0, 1;
    %jmp/0xz  T_2.2, 8;
    %load/v 8, v0x8ca1960_0, 1;
    %jmp/0xz  T_2.4, 8;
    %set/v v0x8ca18f0_0, 1, 1;
    %jmp T_2.5;
T_2.4 ;
    %set/v v0x8ca18f0_0, 0, 1;
T_2.5 ;
T_2.2 ;
T_2.1 ;
    %jmp T_2;
    .thread T_2, $push;
    .scope S_0x8c5f2d8;
T_3 ;
    %wait E_0x8ca1b50;
    %load/v 8, v0x8ca1e50_0, 1;
    %jmp/0xz  T_3.0, 8;
    %set/v v0x8ca1b90_0, 0, 1;
    %jmp T_3.1;
T_3.0 ;
    %load/v 8, v0x8ca1c00_0, 1;
    %jmp/0xz  T_3.2, 8;
    %load/v 8, v0x8ca1c60_0, 1;
    %load/v 9, v0x8ca1cc0_0, 1;
    %and 8, 9, 1;
    %jmp/0xz  T_3.4, 8;
    %load/v 8, v0x8ca1b90_0, 1;
    %inv 8, 1;
    %set/v v0x8ca1b90_0, 8, 1;
    %jmp T_3.5;
T_3.4 ;
    %load/v 8, v0x8ca1c60_0, 1;
    %jmp/0xz  T_3.6, 8;
    %set/v v0x8ca1b90_0, 1, 1;
    %jmp T_3.7;
T_3.6 ;
    %load/v 8, v0x8ca1cc0_0, 1;
    %jmp/0xz  T_3.8, 8;
    %set/v v0x8ca1b90_0, 0, 1;
T_3.8 ;
T_3.7 ;
T_3.5 ;
T_3.2 ;
T_3.1 ;
    %jmp T_3;
    .thread T_3;
    .scope S_0x8c72360;
T_4 ;
    %wait E_0x8ca1dc0;
    %load/v 8, v0x8ca2160_0, 1;
    %jmp/0xz  T_4.0, 8;
    %set/v v0x8ca1ee8_0, 0, 1;
    %jmp T_4.1;
T_4.0 ;
    %load/v 8, v0x8ca1f58_0, 1;
    %jmp/0xz  T_4.2, 8;
    %load/v 8, v0x8ca1fb8_0, 1;
    %load/v 9, v0x8ca2018_0, 1;
    %and 8, 9, 1;
    %jmp/0xz  T_4.4, 8;
    %load/v 8, v0x8ca1ee8_0, 1;
    %inv 8, 1;
    %set/v v0x8ca1ee8_0, 8, 1;
    %jmp T_4.5;
T_4.4 ;
    %load/v 8, v0x8ca1fb8_0, 1;
    %jmp/0xz  T_4.6, 8;
    %set/v v0x8ca1ee8_0, 1, 1;
    %jmp T_4.7;
T_4.6 ;
    %load/v 8, v0x8ca2018_0, 1;
    %jmp/0xz  T_4.8, 8;
    %set/v v0x8ca1ee8_0, 0, 1;
T_4.8 ;
T_4.7 ;
T_4.5 ;
T_4.2 ;
T_4.1 ;
    %jmp T_4;
    .thread T_4, $push;
    .scope S_0x8c71de8;
T_5 ;
    %wait E_0x8ca21c0;
    %load/v 8, v0x8ca2270_0, 1;
    %jmp/0xz  T_5.0, 8;
    %load/v 8, v0x8ca23e0_0, 1;
    %jmp/0xz  T_5.2, 8;
    %set/v v0x8ca2200_0, 0, 1;
    %jmp T_5.3;
T_5.2 ;
    %load/v 8, v0x8ca2380_0, 1;
    %jmp/0xz  T_5.4, 8;
    %set/v v0x8ca2200_0, 1, 1;
T_5.4 ;
T_5.3 ;
T_5.0 ;
    %jmp T_5;
    .thread T_5, $push;
    .scope S_0x8c71cd8;
T_6 ;
    %wait E_0x8ca2460;
    %load/v 8, v0x8ca2700_0, 1;
    %jmp/0xz  T_6.0, 8;
    %set/v v0x8ca24a0_0, 0, 1;
    %jmp T_6.1;
T_6.0 ;
    %load/v 8, v0x8ca2620_0, 1;
    %load/v 9, v0x8ca2510_0, 1;
    %and 8, 9, 1;
    %jmp/0xz  T_6.2, 8;
    %load/v 8, v0x8ca24a0_0, 1;
    %inv 8, 1;
    %set/v v0x8ca24a0_0, 8, 1;
T_6.2 ;
T_6.1 ;
    %jmp T_6;
    .thread T_6;
    .scope S_0x8c716c0;
T_7 ;
    %wait E_0x8ca2760;
    %load/v 8, v0x8ca2988_0, 1;
    %jmp/0xz  T_7.0, 8;
    %set/v v0x8ca2790_0, 0, 1;
    %jmp T_7.1;
T_7.0 ;
    %load/v 8, v0x8ca2800_0, 1;
    %load/v 9, v0x8ca2928_0, 1;
    %and 8, 9, 1;
    %jmp/0xz  T_7.2, 8;
    %load/v 8, v0x8ca2790_0, 1;
    %inv 8, 1;
    %set/v v0x8ca2790_0, 8, 1;
T_7.2 ;
T_7.1 ;
    %jmp T_7;
    .thread T_7, $push;
# The file index is used to find the file name in the following table.
:file_names 10;
    "N/A";
    "<interactive>";
    "DFF.v";
    "DL.v";
    "JKFF.v";
    "JKL.v";
    "SRL.v";
    "TFF.v";
    "TL.v";
    "test.v";
