#! /usr/bin/vvp
:ivl_version "0.9.2 " "(v0_9_2)";
:vpi_time_precision + 0;
:vpi_module "system";
:vpi_module "v2005_math";
:vpi_module "va_math";
S_0x8a33220 .scope module, "stim" "stim" 2 2;
 .timescale 0 0;
v0x8a8aee0_0 .var "clk", 0 0;
v0x8a8af40_0 .net "greatest", 7 0, v0x8a64ad0_0; 1 drivers
v0x8a8afb0_0 .var "num0", 7 0;
v0x8a8b020_0 .var "num1", 7 0;
v0x8a8b090_0 .var "reset", 0 0;
v0x8a8b100_0 .var "start", 0 0;
v0x8a8b190_0 .net "success", 0 0, v0x8a8abf0_0; 1 drivers
S_0x8a33da8 .scope module, "dut" "_gcd" 2 15, 3 1, S_0x8a33220;
 .timescale 0 0;
v0x8a64ad0_0 .var "__reg_greatest", 7 0;
v0x8a8ab90_0 .net "_clock", 0 0, v0x8a8aee0_0; 1 drivers
v0x8a8abf0_0 .var "_found", 0 0;
v0x8a8ac50_0 .alias "_greatest", 7 0, v0x8a8af40_0;
v0x8a8acb8_0 .net "_num0", 7 0, v0x8a8afb0_0; 1 drivers
v0x8a8ad18_0 .net "_num1", 7 0, v0x8a8b020_0; 1 drivers
v0x8a8ad98_0 .net "_reset", 0 0, v0x8a8b090_0; 1 drivers
v0x8a8adf8_0 .net "_start", 0 0, v0x8a8b100_0; 1 drivers
v0x8a8ae80_0 .alias "_success", 0 0, v0x8a8b190_0;
E_0x8a64800 .event negedge, v0x8a8ab90_0;
E_0x8a5a1e8 .event posedge, v0x8a8ab90_0;
E_0x8a5a380 .event edge, v0x8a8adf8_0, v0x8a8acb8_0, v0x8a8ad18_0, v0x8a8ad98_0;
    .scope S_0x8a33da8;
T_0 ;
    %wait E_0x8a5a380;
    %load/v 8, v0x8a8adf8_0, 1;
    %jmp/0xz  T_0.0, 8;
    %load/v 8, v0x8a8acb8_0, 8;
    %load/v 16, v0x8a8ad18_0, 8;
    %cmp/u 8, 16, 8;
    %jmp/0xz  T_0.2, 5;
    %load/v 8, v0x8a8acb8_0, 8;
    %set/v v0x8a64ad0_0, 8, 8;
    %jmp T_0.3;
T_0.2 ;
    %load/v 8, v0x8a8ad18_0, 8;
    %set/v v0x8a64ad0_0, 8, 8;
T_0.3 ;
T_0.0 ;
    %load/v 8, v0x8a8ad98_0, 1;
    %jmp/0xz  T_0.4, 8;
    %set/v v0x8a64ad0_0, 0, 8;
    %set/v v0x8a8abf0_0, 0, 1;
T_0.4 ;
    %jmp T_0;
    .thread T_0, $push;
    .scope S_0x8a33da8;
T_1 ;
    %wait E_0x8a5a1e8;
    %load/v 8, v0x8a8abf0_0, 1;
    %inv 8, 1;
    %jmp/0xz  T_1.0, 8;
    %load/v 8, v0x8a8acb8_0, 8;
    %load/v 16, v0x8a8ac50_0, 8;
    %mod 8, 16, 8;
    %cmpi/u 8, 0, 8;
    %mov 8, 4, 1;
    %load/v 9, v0x8a8ad18_0, 8;
    %load/v 17, v0x8a8ac50_0, 8;
    %mod 9, 17, 8;
    %cmpi/u 9, 0, 8;
    %mov 9, 4, 1;
    %and 8, 9, 1;
    %jmp/0xz  T_1.2, 8;
    %set/v v0x8a8abf0_0, 1, 1;
    %jmp T_1.3;
T_1.2 ;
    %load/v 8, v0x8a8ac50_0, 8;
    %mov 16, 0, 24;
    %subi 8, 1, 32;
    %set/v v0x8a64ad0_0, 8, 8;
T_1.3 ;
T_1.0 ;
    %jmp T_1;
    .thread T_1;
    .scope S_0x8a33da8;
T_2 ;
    %wait E_0x8a64800;
    %jmp T_2;
    .thread T_2;
    .scope S_0x8a33220;
T_3 ;
    %set/v v0x8a8b090_0, 1, 1;
    %delay 1, 0;
    %set/v v0x8a8aee0_0, 0, 1;
    %delay 1, 0;
    %set/v v0x8a8aee0_0, 1, 1;
    %set/v v0x8a8b090_0, 0, 1;
    %set/v v0x8a8b100_0, 1, 1;
    %movi 8, 36, 8;
    %set/v v0x8a8afb0_0, 8, 8;
    %movi 8, 24, 8;
    %set/v v0x8a8b020_0, 8, 8;
    %delay 1, 0;
    %set/v v0x8a8aee0_0, 0, 1;
    %delay 1, 0;
    %set/v v0x8a8aee0_0, 1, 1;
    %vpi_call 2 38 "$display", "Found:%d Current greatest %d\012", v0x8a8b190_0, v0x8a8af40_0;
    %delay 1, 0;
    %set/v v0x8a8aee0_0, 0, 1;
    %delay 1, 0;
    %set/v v0x8a8aee0_0, 1, 1;
    %vpi_call 2 42 "$display", "Found:%d Current greatest %d\012", v0x8a8b190_0, v0x8a8af40_0;
    %delay 1, 0;
    %set/v v0x8a8aee0_0, 0, 1;
    %delay 1, 0;
    %set/v v0x8a8aee0_0, 1, 1;
    %vpi_call 2 45 "$display", "Found:%d Current greatest %d\012", v0x8a8b190_0, v0x8a8af40_0;
    %delay 1, 0;
    %set/v v0x8a8aee0_0, 0, 1;
    %delay 1, 0;
    %set/v v0x8a8aee0_0, 1, 1;
    %vpi_call 2 48 "$display", "Found:%d Current greatest %d\012", v0x8a8b190_0, v0x8a8af40_0;
    %delay 1, 0;
    %set/v v0x8a8aee0_0, 0, 1;
    %delay 1, 0;
    %set/v v0x8a8aee0_0, 1, 1;
    %vpi_call 2 51 "$display", "Found:%d Current greatest %d\012", v0x8a8b190_0, v0x8a8af40_0;
    %delay 1, 0;
    %set/v v0x8a8aee0_0, 0, 1;
    %delay 1, 0;
    %set/v v0x8a8aee0_0, 1, 1;
    %vpi_call 2 54 "$display", "Found:%d Current greatest %d\012", v0x8a8b190_0, v0x8a8af40_0;
    %delay 1, 0;
    %set/v v0x8a8aee0_0, 0, 1;
    %delay 1, 0;
    %set/v v0x8a8aee0_0, 1, 1;
    %vpi_call 2 57 "$display", "Found:%d Current greatest %d\012", v0x8a8b190_0, v0x8a8af40_0;
    %delay 1, 0;
    %set/v v0x8a8aee0_0, 0, 1;
    %delay 1, 0;
    %set/v v0x8a8aee0_0, 1, 1;
    %vpi_call 2 60 "$display", "Found:%d Current greatest %d\012", v0x8a8b190_0, v0x8a8af40_0;
    %delay 1, 0;
    %set/v v0x8a8aee0_0, 0, 1;
    %delay 1, 0;
    %set/v v0x8a8aee0_0, 1, 1;
    %vpi_call 2 63 "$display", "Found:%d Current greatest %d\012", v0x8a8b190_0, v0x8a8af40_0;
    %delay 1, 0;
    %set/v v0x8a8aee0_0, 0, 1;
    %delay 1, 0;
    %set/v v0x8a8aee0_0, 1, 1;
    %vpi_call 2 66 "$display", "Found:%d Current greatest %d\012", v0x8a8b190_0, v0x8a8af40_0;
    %delay 1, 0;
    %set/v v0x8a8aee0_0, 0, 1;
    %delay 1, 0;
    %set/v v0x8a8aee0_0, 1, 1;
    %vpi_call 2 69 "$display", "Found:%d Current greatest %d\012", v0x8a8b190_0, v0x8a8af40_0;
    %delay 1, 0;
    %set/v v0x8a8aee0_0, 0, 1;
    %delay 1, 0;
    %set/v v0x8a8aee0_0, 1, 1;
    %vpi_call 2 72 "$display", "Found:%d Current greatest %d\012", v0x8a8b190_0, v0x8a8af40_0;
    %delay 1, 0;
    %set/v v0x8a8aee0_0, 0, 1;
    %delay 1, 0;
    %set/v v0x8a8aee0_0, 1, 1;
    %vpi_call 2 75 "$display", "Found:%d Current greatest %d\012", v0x8a8b190_0, v0x8a8af40_0;
    %delay 1, 0;
    %set/v v0x8a8aee0_0, 0, 1;
    %delay 1, 0;
    %set/v v0x8a8aee0_0, 1, 1;
    %vpi_call 2 78 "$display", "Found:%d Current greatest %d\012", v0x8a8b190_0, v0x8a8af40_0;
    %delay 1, 0;
    %set/v v0x8a8aee0_0, 0, 1;
    %delay 1, 0;
    %set/v v0x8a8aee0_0, 1, 1;
    %vpi_call 2 81 "$display", "Found:%d Current greatest %d\012", v0x8a8b190_0, v0x8a8af40_0;
    %delay 1, 0;
    %set/v v0x8a8aee0_0, 0, 1;
    %delay 1, 0;
    %set/v v0x8a8aee0_0, 1, 1;
    %vpi_call 2 84 "$display", "Found:%d Current greatest %d\012", v0x8a8b190_0, v0x8a8af40_0;
    %delay 1, 0;
    %set/v v0x8a8aee0_0, 0, 1;
    %delay 1, 0;
    %set/v v0x8a8aee0_0, 1, 1;
    %vpi_call 2 87 "$display", "Found:%d Current greatest %d\012", v0x8a8b190_0, v0x8a8af40_0;
    %delay 1, 0;
    %set/v v0x8a8aee0_0, 0, 1;
    %delay 1, 0;
    %set/v v0x8a8aee0_0, 1, 1;
    %vpi_call 2 90 "$display", "Found:%d Current greatest %d\012", v0x8a8b190_0, v0x8a8af40_0;
    %delay 1, 0;
    %set/v v0x8a8aee0_0, 0, 1;
    %delay 1, 0;
    %set/v v0x8a8aee0_0, 1, 1;
    %vpi_call 2 93 "$display", "Found:%d Current greatest %d\012", v0x8a8b190_0, v0x8a8af40_0;
    %delay 1, 0;
    %set/v v0x8a8aee0_0, 0, 1;
    %delay 1, 0;
    %set/v v0x8a8aee0_0, 1, 1;
    %vpi_call 2 96 "$display", "Found:%d Current greatest %d\012", v0x8a8b190_0, v0x8a8af40_0;
    %delay 1, 0;
    %set/v v0x8a8aee0_0, 0, 1;
    %delay 1, 0;
    %set/v v0x8a8aee0_0, 1, 1;
    %vpi_call 2 99 "$display", "Found:%d Current greatest %d\012", v0x8a8b190_0, v0x8a8af40_0;
    %delay 1, 0;
    %set/v v0x8a8aee0_0, 0, 1;
    %delay 1, 0;
    %set/v v0x8a8aee0_0, 1, 1;
    %vpi_call 2 102 "$display", "Found:%d Current greatest %d\012", v0x8a8b190_0, v0x8a8af40_0;
    %delay 1, 0;
    %set/v v0x8a8aee0_0, 0, 1;
    %delay 1, 0;
    %set/v v0x8a8aee0_0, 1, 1;
    %vpi_call 2 105 "$display", "Found:%d Current greatest %d\012", v0x8a8b190_0, v0x8a8af40_0;
    %delay 1, 0;
    %set/v v0x8a8aee0_0, 0, 1;
    %delay 1, 0;
    %set/v v0x8a8aee0_0, 1, 1;
    %vpi_call 2 108 "$display", "Found:%d Current greatest %d\012", v0x8a8b190_0, v0x8a8af40_0;
    %delay 1, 0;
    %set/v v0x8a8aee0_0, 0, 1;
    %delay 1, 0;
    %set/v v0x8a8aee0_0, 1, 1;
    %vpi_call 2 111 "$display", "Found:%d Current greatest %d\012", v0x8a8b190_0, v0x8a8af40_0;
    %delay 1, 0;
    %set/v v0x8a8aee0_0, 0, 1;
    %delay 1, 0;
    %set/v v0x8a8aee0_0, 1, 1;
    %vpi_call 2 114 "$display", "Found:%d Current greatest %d\012", v0x8a8b190_0, v0x8a8af40_0;
    %delay 1, 0;
    %set/v v0x8a8aee0_0, 0, 1;
    %delay 1, 0;
    %set/v v0x8a8aee0_0, 1, 1;
    %vpi_call 2 117 "$display", "Found:%d Current greatest %d\012", v0x8a8b190_0, v0x8a8af40_0;
    %delay 1, 0;
    %set/v v0x8a8aee0_0, 0, 1;
    %delay 1, 0;
    %set/v v0x8a8aee0_0, 1, 1;
    %vpi_call 2 120 "$display", "Found:%d Current greatest %d\012", v0x8a8b190_0, v0x8a8af40_0;
    %delay 1, 0;
    %set/v v0x8a8aee0_0, 0, 1;
    %delay 1, 0;
    %set/v v0x8a8aee0_0, 1, 1;
    %vpi_call 2 123 "$display", "Found:%d Current greatest %d\012", v0x8a8b190_0, v0x8a8af40_0;
    %delay 1, 0;
    %set/v v0x8a8aee0_0, 0, 1;
    %delay 1, 0;
    %set/v v0x8a8aee0_0, 1, 1;
    %vpi_call 2 126 "$display", "Found:%d Current greatest %d\012", v0x8a8b190_0, v0x8a8af40_0;
    %delay 1, 0;
    %set/v v0x8a8aee0_0, 0, 1;
    %delay 1, 0;
    %set/v v0x8a8aee0_0, 1, 1;
    %vpi_call 2 129 "$display", "Found:%d Current greatest %d\012", v0x8a8b190_0, v0x8a8af40_0;
    %delay 1, 0;
    %set/v v0x8a8aee0_0, 0, 1;
    %delay 1, 0;
    %set/v v0x8a8aee0_0, 1, 1;
    %vpi_call 2 132 "$display", "Found:%d Current greatest %d\012", v0x8a8b190_0, v0x8a8af40_0;
    %delay 1, 0;
    %set/v v0x8a8aee0_0, 0, 1;
    %delay 1, 0;
    %set/v v0x8a8aee0_0, 1, 1;
    %vpi_call 2 135 "$display", "Found:%d Current greatest %d\012", v0x8a8b190_0, v0x8a8af40_0;
    %delay 1, 0;
    %set/v v0x8a8aee0_0, 0, 1;
    %delay 1, 0;
    %set/v v0x8a8aee0_0, 1, 1;
    %vpi_call 2 138 "$display", "Found:%d Current greatest %d\012", v0x8a8b190_0, v0x8a8af40_0;
    %delay 1, 0;
    %set/v v0x8a8aee0_0, 0, 1;
    %delay 1, 0;
    %set/v v0x8a8aee0_0, 1, 1;
    %vpi_call 2 141 "$display", "Found:%d Current greatest %d\012", v0x8a8b190_0, v0x8a8af40_0;
    %delay 1, 0;
    %set/v v0x8a8aee0_0, 0, 1;
    %delay 1, 0;
    %set/v v0x8a8aee0_0, 1, 1;
    %vpi_call 2 144 "$display", "Found:%d Current greatest %d\012", v0x8a8b190_0, v0x8a8af40_0;
    %delay 1, 0;
    %set/v v0x8a8aee0_0, 0, 1;
    %delay 1, 0;
    %set/v v0x8a8aee0_0, 1, 1;
    %vpi_call 2 147 "$display", "Found:%d Current greatest %d\012", v0x8a8b190_0, v0x8a8af40_0;
    %delay 1, 0;
    %set/v v0x8a8aee0_0, 0, 1;
    %delay 1, 0;
    %set/v v0x8a8aee0_0, 1, 1;
    %vpi_call 2 150 "$display", "Found:%d Current greatest %d\012", v0x8a8b190_0, v0x8a8af40_0;
    %delay 1, 0;
    %set/v v0x8a8aee0_0, 0, 1;
    %delay 1, 0;
    %set/v v0x8a8aee0_0, 1, 1;
    %vpi_call 2 153 "$display", "Found:%d Current greatest %d\012", v0x8a8b190_0, v0x8a8af40_0;
    %delay 1, 0;
    %set/v v0x8a8aee0_0, 0, 1;
    %delay 1, 0;
    %set/v v0x8a8aee0_0, 1, 1;
    %vpi_call 2 156 "$display", "Found:%d Current greatest %d\012", v0x8a8b190_0, v0x8a8af40_0;
    %delay 1, 0;
    %set/v v0x8a8aee0_0, 0, 1;
    %delay 1, 0;
    %set/v v0x8a8aee0_0, 1, 1;
    %vpi_call 2 159 "$display", "Found:%d Current greatest %d\012", v0x8a8b190_0, v0x8a8af40_0;
    %delay 1, 0;
    %set/v v0x8a8aee0_0, 0, 1;
    %delay 1, 0;
    %set/v v0x8a8aee0_0, 1, 1;
    %vpi_call 2 162 "$display", "Found:%d Current greatest %d\012", v0x8a8b190_0, v0x8a8af40_0;
    %delay 1, 0;
    %vpi_call 2 164 "$finish";
    %end;
    .thread T_3;
# The file index is used to find the file name in the following table.
:file_names 4;
    "N/A";
    "<interactive>";
    "examples/gcdstim.v";
    "examples/gcd.v";
