#! /usr/bin/vvp
:ivl_version "0.9.2 " "(v0_9_2)";
:vpi_time_precision + 0;
:vpi_module "system";
:vpi_module "v2005_math";
:vpi_module "va_math";
S_0x9673d68 .scope module, "stim" "stim" 2 4;
 .timescale 0 0;
v0x96b6908_0 .var "clk", 0 0;
v0x96b6988_0 .var "enable", 0 0;
v0x96b69f8_0 .net "letter", 7 0, v0x969a9d0_0; 1 drivers
v0x96b6a68_0 .var "reset", 0 0;
S_0x969a950 .scope module, "dut" "_helloWorld" 2 13, 3 1, S_0x9673d68;
 .timescale 0 0;
v0x969a9d0_0 .var "__reg_letter", 7 0;
v0x96b66a0_0 .net "_c", 3 0, v0x96b6760_0; 1 drivers
v0x96b6700_0 .net "_clock", 0 0, v0x96b6908_0; 1 drivers
v0x96b6760_0 .var "_count", 3 0;
v0x96b67c8_0 .net "_enable", 0 0, v0x96b6988_0; 1 drivers
v0x96b6828_0 .alias "_letter", 7 0, v0x96b69f8_0;
v0x96b68a8_0 .net "_reset", 0 0, v0x96b6a68_0; 1 drivers
E_0x9673f60 .event negedge, v0x96b6700_0;
E_0x9697460 .event posedge, v0x96b6700_0;
E_0x96974e8 .event edge, v0x96b67c8_0, v0x96b66a0_0, v0x96b68a8_0;
    .scope S_0x969a950;
T_0 ;
    %wait E_0x96974e8;
    %load/v 8, v0x96b67c8_0, 1;
    %jmp/0xz  T_0.0, 8;
    %load/v 8, v0x96b66a0_0, 4;
    %movi 12, 1, 4;
    %cmp/x 8, 12, 4;
    %jmp/1 T_0.2, 4;
    %movi 12, 2, 4;
    %cmp/x 8, 12, 4;
    %jmp/1 T_0.3, 4;
    %movi 12, 3, 4;
    %cmp/x 8, 12, 4;
    %jmp/1 T_0.4, 4;
    %movi 12, 4, 4;
    %cmp/x 8, 12, 4;
    %jmp/1 T_0.5, 4;
    %movi 12, 5, 4;
    %cmp/x 8, 12, 4;
    %jmp/1 T_0.6, 4;
    %movi 12, 6, 4;
    %cmp/x 8, 12, 4;
    %jmp/1 T_0.7, 4;
    %movi 12, 7, 4;
    %cmp/x 8, 12, 4;
    %jmp/1 T_0.8, 4;
    %movi 12, 8, 4;
    %cmp/x 8, 12, 4;
    %jmp/1 T_0.9, 4;
    %movi 12, 9, 4;
    %cmp/x 8, 12, 4;
    %jmp/1 T_0.10, 4;
    %movi 12, 10, 4;
    %cmp/x 8, 12, 4;
    %jmp/1 T_0.11, 4;
    %movi 12, 11, 4;
    %cmp/x 8, 12, 4;
    %jmp/1 T_0.12, 4;
    %movi 12, 12, 4;
    %cmp/x 8, 12, 4;
    %jmp/1 T_0.13, 4;
    %jmp T_0.14;
T_0.2 ;
    %movi 8, 72, 8;
    %set/v v0x969a9d0_0, 8, 8;
    %jmp T_0.14;
T_0.3 ;
    %movi 8, 101, 8;
    %set/v v0x969a9d0_0, 8, 8;
    %jmp T_0.14;
T_0.4 ;
    %movi 8, 108, 8;
    %set/v v0x969a9d0_0, 8, 8;
    %jmp T_0.14;
T_0.5 ;
    %movi 8, 108, 8;
    %set/v v0x969a9d0_0, 8, 8;
    %jmp T_0.14;
T_0.6 ;
    %movi 8, 111, 8;
    %set/v v0x969a9d0_0, 8, 8;
    %jmp T_0.14;
T_0.7 ;
    %movi 8, 32, 8;
    %set/v v0x969a9d0_0, 8, 8;
    %jmp T_0.14;
T_0.8 ;
    %movi 8, 87, 8;
    %set/v v0x969a9d0_0, 8, 8;
    %jmp T_0.14;
T_0.9 ;
    %movi 8, 111, 8;
    %set/v v0x969a9d0_0, 8, 8;
    %jmp T_0.14;
T_0.10 ;
    %movi 8, 114, 8;
    %set/v v0x969a9d0_0, 8, 8;
    %jmp T_0.14;
T_0.11 ;
    %movi 8, 108, 8;
    %set/v v0x969a9d0_0, 8, 8;
    %jmp T_0.14;
T_0.12 ;
    %movi 8, 100, 8;
    %set/v v0x969a9d0_0, 8, 8;
    %jmp T_0.14;
T_0.13 ;
    %movi 8, 33, 8;
    %set/v v0x969a9d0_0, 8, 8;
    %jmp T_0.14;
T_0.14 ;
T_0.0 ;
    %load/v 8, v0x96b68a8_0, 1;
    %jmp/0xz  T_0.15, 8;
    %set/v v0x969a9d0_0, 0, 8;
    %set/v v0x96b6760_0, 0, 4;
T_0.15 ;
    %jmp T_0;
    .thread T_0, $push;
    .scope S_0x969a950;
T_1 ;
    %wait E_0x9697460;
    %load/v 8, v0x96b6760_0, 4;
    %mov 12, 0, 28;
   %addi 8, 1, 32;
    %set/v v0x96b6760_0, 8, 4;
    %jmp T_1;
    .thread T_1;
    .scope S_0x969a950;
T_2 ;
    %wait E_0x9673f60;
    %jmp T_2;
    .thread T_2;
    .scope S_0x9673d68;
T_3 ;
    %set/v v0x96b6a68_0, 1, 1;
    %delay 1, 0;
    %set/v v0x96b6908_0, 0, 1;
    %delay 1, 0;
    %set/v v0x96b6908_0, 1, 1;
    %set/v v0x96b6a68_0, 0, 1;
    %set/v v0x96b6988_0, 1, 1;
    %delay 1, 0;
    %set/v v0x96b6908_0, 0, 1;
    %delay 1, 0;
    %set/v v0x96b6908_0, 1, 1;
    %vpi_call 2 31 "$display", "Letter %c\012", v0x96b69f8_0;
    %delay 1, 0;
    %set/v v0x96b6908_0, 0, 1;
    %delay 1, 0;
    %set/v v0x96b6908_0, 1, 1;
    %vpi_call 2 35 "$display", "Letter %c\012", v0x96b69f8_0;
    %delay 1, 0;
    %set/v v0x96b6908_0, 0, 1;
    %delay 1, 0;
    %set/v v0x96b6908_0, 1, 1;
    %vpi_call 2 39 "$display", "Letter %c\012", v0x96b69f8_0;
    %delay 1, 0;
    %set/v v0x96b6908_0, 0, 1;
    %delay 1, 0;
    %set/v v0x96b6908_0, 1, 1;
    %vpi_call 2 43 "$display", "Letter %c\012", v0x96b69f8_0;
    %delay 1, 0;
    %set/v v0x96b6908_0, 0, 1;
    %delay 1, 0;
    %set/v v0x96b6908_0, 1, 1;
    %vpi_call 2 47 "$display", "Letter %c\012", v0x96b69f8_0;
    %delay 1, 0;
    %set/v v0x96b6908_0, 0, 1;
    %delay 1, 0;
    %set/v v0x96b6908_0, 1, 1;
    %vpi_call 2 51 "$display", "Letter %c\012", v0x96b69f8_0;
    %delay 1, 0;
    %set/v v0x96b6908_0, 0, 1;
    %delay 1, 0;
    %set/v v0x96b6908_0, 1, 1;
    %vpi_call 2 55 "$display", "Letter %c\012", v0x96b69f8_0;
    %delay 1, 0;
    %set/v v0x96b6908_0, 0, 1;
    %delay 1, 0;
    %set/v v0x96b6908_0, 1, 1;
    %vpi_call 2 59 "$display", "Letter %c\012", v0x96b69f8_0;
    %delay 1, 0;
    %set/v v0x96b6908_0, 0, 1;
    %delay 1, 0;
    %set/v v0x96b6908_0, 1, 1;
    %vpi_call 2 63 "$display", "Letter %c\012", v0x96b69f8_0;
    %delay 1, 0;
    %set/v v0x96b6908_0, 0, 1;
    %delay 1, 0;
    %set/v v0x96b6908_0, 1, 1;
    %vpi_call 2 67 "$display", "Letter %c\012", v0x96b69f8_0;
    %delay 1, 0;
    %set/v v0x96b6908_0, 0, 1;
    %delay 1, 0;
    %set/v v0x96b6908_0, 1, 1;
    %vpi_call 2 71 "$display", "Letter %c\012", v0x96b69f8_0;
    %delay 1, 0;
    %set/v v0x96b6908_0, 0, 1;
    %delay 1, 0;
    %set/v v0x96b6908_0, 1, 1;
    %vpi_call 2 75 "$display", "Letter %c\012", v0x96b69f8_0;
    %delay 1, 0;
    %vpi_call 2 77 "$finish";
    %end;
    .thread T_3;
# The file index is used to find the file name in the following table.
:file_names 4;
    "N/A";
    "<interactive>";
    "hellostim.v";
    "helloworld.v";
